Using pre-set license
Built from '2021.3/staging' branch; Version is '2021.3.19f1 (c9714fde33b6) revision 13201743'; Using compiler version '192829333'; Build Type 'Release'
OS: 'Windows 11  (10.0.22621) 64bit Core' Language: 'en' Physical Memory: 16149 MB
BatchMode: 1, IsHumanControllingUs: 0, StartBugReporterOnCrash: 0, Is64bit: 1, IsPro: 1

COMMAND LINE ARGUMENTS:
C:\Program Files\Unity 2021.3.19f1\Editor\Unity.exe
-adb2
-batchMode
-noUpm
-name
AssetImportWorker0
-projectPath
C:/Users/thecr/Documents/GameDesign/Unity-Particle-Systems-Project
-logFile
Logs/AssetImportWorker0.log
-srvPort
54643
Successfully changed project path to: C:/Users/thecr/Documents/GameDesign/Unity-Particle-Systems-Project
C:/Users/thecr/Documents/GameDesign/Unity-Particle-Systems-Project
[UnityMemory] Configuration Parameters - Can be set up in boot.config
    "memorysetup-bucket-allocator-granularity=16"
    "memorysetup-bucket-allocator-bucket-count=8"
    "memorysetup-bucket-allocator-block-size=33554432"
    "memorysetup-bucket-allocator-block-count=8"
    "memorysetup-main-allocator-block-size=16777216"
    "memorysetup-thread-allocator-block-size=16777216"
    "memorysetup-gfx-main-allocator-block-size=16777216"
    "memorysetup-gfx-thread-allocator-block-size=16777216"
    "memorysetup-cache-allocator-block-size=4194304"
    "memorysetup-typetree-allocator-block-size=2097152"
    "memorysetup-profiler-bucket-allocator-granularity=16"
    "memorysetup-profiler-bucket-allocator-bucket-count=8"
    "memorysetup-profiler-bucket-allocator-block-size=33554432"
    "memorysetup-profiler-bucket-allocator-block-count=8"
    "memorysetup-profiler-allocator-block-size=16777216"
    "memorysetup-profiler-editor-allocator-block-size=1048576"
    "memorysetup-temp-allocator-size-main=16777216"
    "memorysetup-job-temp-allocator-block-size=2097152"
    "memorysetup-job-temp-allocator-block-size-background=1048576"
    "memorysetup-job-temp-allocator-reduction-small-platforms=262144"
    "memorysetup-temp-allocator-size-background-worker=32768"
    "memorysetup-temp-allocator-size-job-worker=262144"
    "memorysetup-temp-allocator-size-preload-manager=33554432"
    "memorysetup-temp-allocator-size-nav-mesh-worker=65536"
    "memorysetup-temp-allocator-size-audio-worker=65536"
    "memorysetup-temp-allocator-size-cloud-worker=32768"
    "memorysetup-temp-allocator-size-gi-baking-worker=262144"
    "memorysetup-temp-allocator-size-gfx=262144"
Player connection [10576] Host "[IP] 192.168.254.49 [Port] 0 [Flags] 2 [Guid] 3483217572 [EditorId] 3483217572 [Version] 1048832 [Id] WindowsEditor(7,LAPTOP-LFC6IMOQ) [Debug] 1 [PackageName] WindowsEditor [ProjectName] Editor" joined multi-casting on [225.0.0.222:54997]...

Player connection [10576] Host "[IP] 192.168.254.49 [Port] 0 [Flags] 2 [Guid] 3483217572 [EditorId] 3483217572 [Version] 1048832 [Id] WindowsEditor(7,LAPTOP-LFC6IMOQ) [Debug] 1 [PackageName] WindowsEditor [ProjectName] Editor" joined alternative multi-casting on [225.0.0.222:34997]...

Refreshing native plugins compatible for Editor in 27.11 ms, found 2 plugins.
Preloading 0 native plugins for Editor in 0.00 ms.
Initialize engine version: 2021.3.19f1 (c9714fde33b6)
[Subsystems] Discovering subsystems at path C:/Program Files/Unity 2021.3.19f1/Editor/Data/Resources/UnitySubsystems
[Subsystems] Discovering subsystems at path C:/Users/thecr/Documents/GameDesign/Unity-Particle-Systems-Project/Assets
GfxDevice: creating device client; threaded=0; jobified=0
Direct3D:
    Version:  Direct3D 11.0 [level 11.1]
    Renderer: NVIDIA GeForce MX450 (ID=0x1f97)
    Vendor:   NVIDIA
    VRAM:     1920 MB
    Driver:   31.0.15.3742
Initialize mono
Mono path[0] = 'C:/Program Files/Unity 2021.3.19f1/Editor/Data/Managed'
Mono path[1] = 'C:/Program Files/Unity 2021.3.19f1/Editor/Data/MonoBleedingEdge/lib/mono/unityjit-win32'
Mono config path = 'C:/Program Files/Unity 2021.3.19f1/Editor/Data/MonoBleedingEdge/etc'
Using monoOptions --debugger-agent=transport=dt_socket,embedding=1,server=y,suspend=n,address=127.0.0.1:56044
Begin MonoManager ReloadAssembly
Registering precompiled unity dll's ...
Register platform support module: C:/Program Files/Unity 2021.3.19f1/Editor/Data/PlaybackEngines/WindowsStandaloneSupport/UnityEditor.WindowsStandalone.Extensions.dll
Registered in 0.006876 seconds.
Native extension for WindowsStandalone target not found
Refreshing native plugins compatible for Editor in 31.66 ms, found 2 plugins.
Preloading 0 native plugins for Editor in 0.00 ms.
Mono: successfully reloaded assembly
- Completed reload, in  0.667 seconds
Domain Reload Profiling:
	ReloadAssembly (667ms)
		BeginReloadAssembly (95ms)
			ExecutionOrderSort (0ms)
			DisableScriptedObjects (0ms)
			BackupInstance (0ms)
			ReleaseScriptingObjects (0ms)
			CreateAndSetChildDomain (1ms)
		EndReloadAssembly (440ms)
			LoadAssemblies (91ms)
			RebuildTransferFunctionScriptingTraits (0ms)
			SetupTypeCache (126ms)
			ReleaseScriptCaches (0ms)
			RebuildScriptCaches (28ms)
			SetupLoadedEditorAssemblies (229ms)
				LogAssemblyErrors (0ms)
				InitializePlatformSupportModulesInManaged (8ms)
				SetLoadedEditorAssemblies (0ms)
				RefreshPlugins (32ms)
				BeforeProcessingInitializeOnLoad (1ms)
				ProcessInitializeOnLoadAttributes (142ms)
				ProcessInitializeOnLoadMethodAttributes (46ms)
				AfterProcessingInitializeOnLoad (0ms)
				EditorAssembliesLoaded (0ms)
			ExecutionOrderSort2 (0ms)
			AwakeInstancesAfterBackupRestoration (0ms)
Platform modules already initialized, skipping
Registering precompiled user dll's ...
Registered in 0.005077 seconds.
Begin MonoManager ReloadAssembly
Native extension for WindowsStandalone target not found
Refreshing native plugins compatible for Editor in 0.36 ms, found 2 plugins.
Preloading 0 native plugins for Editor in 0.00 ms.
Mono: successfully reloaded assembly
- Completed reload, in  0.884 seconds
Domain Reload Profiling:
	ReloadAssembly (885ms)
		BeginReloadAssembly (119ms)
			ExecutionOrderSort (0ms)
			DisableScriptedObjects (5ms)
			BackupInstance (0ms)
			ReleaseScriptingObjects (0ms)
			CreateAndSetChildDomain (23ms)
		EndReloadAssembly (641ms)
			LoadAssemblies (78ms)
			RebuildTransferFunctionScriptingTraits (0ms)
			SetupTypeCache (186ms)
			ReleaseScriptCaches (0ms)
			RebuildScriptCaches (40ms)
			SetupLoadedEditorAssemblies (301ms)
				LogAssemblyErrors (0ms)
				InitializePlatformSupportModulesInManaged (7ms)
				SetLoadedEditorAssemblies (1ms)
				RefreshPlugins (0ms)
				BeforeProcessingInitializeOnLoad (60ms)
				ProcessInitializeOnLoadAttributes (203ms)
				ProcessInitializeOnLoadMethodAttributes (19ms)
				AfterProcessingInitializeOnLoad (12ms)
				EditorAssembliesLoaded (0ms)
			ExecutionOrderSort2 (0ms)
			AwakeInstancesAfterBackupRestoration (6ms)
Platform modules already initialized, skipping
========================================================================
Worker process is ready to serve import requests
Launched and connected shader compiler UnityShaderCompiler.exe after 0.08 seconds
Refreshing native plugins compatible for Editor in 0.40 ms, found 2 plugins.
Preloading 0 native plugins for Editor in 0.00 ms.
Unloading 1342 Unused Serialized files (Serialized files now loaded: 0)
Unloading 16 unused Assets / (56.1 KB). Loaded Objects now: 1813.
Memory consumption went from 62.7 MB to 62.6 MB.
Total: 3.598600 ms (FindLiveObjects: 0.174800 ms CreateObjectMapping: 0.083000 ms MarkObjects: 3.250800 ms  DeleteObjects: 0.088400 ms)

AssetImportParameters requested are different than current active one (requested -> active):
  custom:video-decoder-ogg-theora: a1e56fd34408186e4bbccfd4996cb3dc -> 
  custom:container-muxer-webm: aa71ff27fc2769a1b78a27578f13a17b -> 
  custom:container-demuxer-webm: 4f35f7cbe854078d1ac9338744f61a02 -> 
  custom:video-encoder-webm-vp8: eb34c28f22e8b96e1ab97ce403110664 -> 
  custom:video-codec-MediaFoundation-h265: 746d11721c4dcdbdad8f713fa42b33f4 -> 
  custom:audio-encoder-webm-vorbis: bf7c407c2cedff20999df2af8eb42d56 -> 
  custom:framework-win-MediaFoundation: 216162199b28c13a410421893ffa2e32 -> 
  custom:container-demuxer-ogg: 62fdf1f143b41e24485cea50d1cbac27 -> 
  custom:video-decoder-webm-vp8: 9c59270c3fd7afecdb556c50c9e8de78 -> 
  custom:audio-decoder-ogg-vorbis: bf7c407c2cedff20999df2af8eb42d56 -> 
========================================================================
Received Import Request.
  Time since last request: 6767.683876 seconds.
  path: Assets/SimpleTownLite/_Materials/SimpleTownLite_Road.mat
  artifactKey: Guid(2191478c1f641c245b4fe9449817a0b7) Importer(815301076,1909f56bfc062723c751e8b465ee728b)
Start importing Assets/SimpleTownLite/_Materials/SimpleTownLite_Road.mat using Guid(2191478c1f641c245b4fe9449817a0b7) Importer(815301076,1909f56bfc062723c751e8b465ee728b)  -> (artifact id: 'bdfdf7390dfcb62f5a94f5671bb53242') in 0.168806 seconds 
========================================================================
Received Import Request.
  Time since last request: 0.000021 seconds.
  path: Assets/SimpleTownLite/_Materials/SimpleTownLite_Billboard.mat
  artifactKey: Guid(219967ce9dc9a8f4d9ab8a7d1d14cf9d) Importer(815301076,1909f56bfc062723c751e8b465ee728b)
Start importing Assets/SimpleTownLite/_Materials/SimpleTownLite_Billboard.mat using Guid(219967ce9dc9a8f4d9ab8a7d1d14cf9d) Importer(815301076,1909f56bfc062723c751e8b465ee728b)  -> (artifact id: '7202a57a1d1de109ba49f70090c27489') in 0.028245 seconds 
========================================================================
Received Import Request.
  Time since last request: 0.000027 seconds.
  path: Assets/Landscape/Materials/Low_Poly_Mat_Variant1.mat
  artifactKey: Guid(9b72e6fbb8e97094396e14960b5c42a9) Importer(815301076,1909f56bfc062723c751e8b465ee728b)
Start importing Assets/Landscape/Materials/Low_Poly_Mat_Variant1.mat using Guid(9b72e6fbb8e97094396e14960b5c42a9) Importer(815301076,1909f56bfc062723c751e8b465ee728b)  -> (artifact id: '9fed42d2397ba86339ebc65ba245b3af') in 0.034844 seconds 
========================================================================
Received Import Request.
  Time since last request: 0.000031 seconds.
  path: Assets/SimpleTownLite/_Materials/SimpleTownLite_Dumpster.mat
  artifactKey: Guid(368fc3419e8bed246ae940f068c776bf) Importer(815301076,1909f56bfc062723c751e8b465ee728b)
Start importing Assets/SimpleTownLite/_Materials/SimpleTownLite_Dumpster.mat using Guid(368fc3419e8bed246ae940f068c776bf) Importer(815301076,1909f56bfc062723c751e8b465ee728b)  -> (artifact id: '0b73442276022aa0452f5f0c3d193b39') in 0.024515 seconds 
========================================================================
Received Import Request.
  Time since last request: 0.000018 seconds.
  path: Assets/SimpleTownLite/_Materials/Props_Street.mat
  artifactKey: Guid(3e979b3745b4a024bbbd5806d425fa75) Importer(815301076,1909f56bfc062723c751e8b465ee728b)
Start importing Assets/SimpleTownLite/_Materials/Props_Street.mat using Guid(3e979b3745b4a024bbbd5806d425fa75) Importer(815301076,1909f56bfc062723c751e8b465ee728b)  -> (artifact id: '568b7129a7757cebba010732a3992189') in 0.023827 seconds 
========================================================================
Received Import Request.
  Time since last request: 37.785984 seconds.
  path: Assets/Garbage Truck/Materials/Head_light_effect.mat
  artifactKey: Guid(8a417926baf1212478be3e4e781c365d) Importer(815301076,1909f56bfc062723c751e8b465ee728b)
Start importing Assets/Garbage Truck/Materials/Head_light_effect.mat using Guid(8a417926baf1212478be3e4e781c365d) Importer(815301076,1909f56bfc062723c751e8b465ee728b)  -> (artifact id: 'eb1ba2a4053148cc586147c02bc0e638') in 0.102608 seconds 
========================================================================
Received Import Request.
  Time since last request: 0.474788 seconds.
  path: Assets/Landscape/Materials/Grass.mat
  artifactKey: Guid(240e05a8bd75c4b44978cec5eeda76f0) Importer(815301076,1909f56bfc062723c751e8b465ee728b)
Start importing Assets/Landscape/Materials/Grass.mat using Guid(240e05a8bd75c4b44978cec5eeda76f0) Importer(815301076,1909f56bfc062723c751e8b465ee728b)  -> (artifact id: 'f46e886cc1e7b7d9bcfd5afa32b52391') in 0.013288 seconds 
========================================================================
Received Import Request.
  Time since last request: 0.583898 seconds.
  path: Assets/Chests/Materials/Frame.mat
  artifactKey: Guid(666fd6282b8f95942ac6577170ea3cdf) Importer(815301076,1909f56bfc062723c751e8b465ee728b)
Start importing Assets/Chests/Materials/Frame.mat using Guid(666fd6282b8f95942ac6577170ea3cdf) Importer(815301076,1909f56bfc062723c751e8b465ee728b)  -> (artifact id: 'd07f99cf9e793c232982bb99b3e92564') in 0.020987 seconds 
========================================================================
Received Import Request.
  Time since last request: 0.000026 seconds.
  path: Assets/Gems/Materials/Collectibles 2.mat
  artifactKey: Guid(73b087a9bd7860f4ca4e130ae6cee2aa) Importer(815301076,1909f56bfc062723c751e8b465ee728b)
Start importing Assets/Gems/Materials/Collectibles 2.mat using Guid(73b087a9bd7860f4ca4e130ae6cee2aa) Importer(815301076,1909f56bfc062723c751e8b465ee728b)  -> (artifact id: '82f46854a08a1f3d48d59846e5567d3e') in 0.026402 seconds 
========================================================================
Received Import Request.
  Time since last request: 0.368251 seconds.
  path: Assets/SimpleTownLite/_Materials/Building_PizzaShop.mat
  artifactKey: Guid(6d000355347ab5149935f042676bbc0c) Importer(815301076,1909f56bfc062723c751e8b465ee728b)
Start importing Assets/SimpleTownLite/_Materials/Building_PizzaShop.mat using Guid(6d000355347ab5149935f042676bbc0c) Importer(815301076,1909f56bfc062723c751e8b465ee728b)  -> (artifact id: 'a54d13642b6e95ba062655305ca573cc') in 0.022654 seconds 
========================================================================
Received Import Request.
  Time since last request: 0.000015 seconds.
  path: Assets/Chests/Materials/Chest.mat
  artifactKey: Guid(f0cc8e1ace3f25047bf0353444e60b7e) Importer(815301076,1909f56bfc062723c751e8b465ee728b)
Start importing Assets/Chests/Materials/Chest.mat using Guid(f0cc8e1ace3f25047bf0353444e60b7e) Importer(815301076,1909f56bfc062723c751e8b465ee728b)  -> (artifact id: 'cdb8ac109ca7bf70cda1ca70dff66070') in 0.016979 seconds 
========================================================================
Received Import Request.
  Time since last request: 0.321358 seconds.
  path: Assets/SimpleTownLite/_Materials/Building_Apartment_02.mat
  artifactKey: Guid(91ba25c5e9aad2e4d8693d1840f12d00) Importer(815301076,1909f56bfc062723c751e8b465ee728b)
Start importing Assets/SimpleTownLite/_Materials/Building_Apartment_02.mat using Guid(91ba25c5e9aad2e4d8693d1840f12d00) Importer(815301076,1909f56bfc062723c751e8b465ee728b)  -> (artifact id: 'b1d721fa4855159101dfd9fb30ed740c') in 0.024820 seconds 
========================================================================
Received Import Request.
  Time since last request: 0.000017 seconds.
  path: Assets/SimpleTownLite/_Materials/Building_BookStore.mat
  artifactKey: Guid(4685236b0f345dc429665f84d9b64540) Importer(815301076,1909f56bfc062723c751e8b465ee728b)
Start importing Assets/SimpleTownLite/_Materials/Building_BookStore.mat using Guid(4685236b0f345dc429665f84d9b64540) Importer(815301076,1909f56bfc062723c751e8b465ee728b)  -> (artifact id: '34074cc29e922e30a5610c7f506a19a5') in 0.023559 seconds 
========================================================================
Received Import Request.
  Time since last request: 0.000019 seconds.
  path: Assets/Chests/Materials/Box.mat
  artifactKey: Guid(031a415c5f50fc7429a9d61b18cae75d) Importer(815301076,1909f56bfc062723c751e8b465ee728b)
Start importing Assets/Chests/Materials/Box.mat using Guid(031a415c5f50fc7429a9d61b18cae75d) Importer(815301076,1909f56bfc062723c751e8b465ee728b)  -> (artifact id: '64c079b829f2550751642b1646a550c8') in 0.020093 seconds 
========================================================================
Received Prepare
Registering precompiled user dll's ...
Registered in 0.004324 seconds.
Begin MonoManager ReloadAssembly
Native extension for WindowsStandalone target not found
Refreshing native plugins compatible for Editor in 0.28 ms, found 2 plugins.
Preloading 0 native plugins for Editor in 0.00 ms.
Mono: successfully reloaded assembly
- Completed reload, in  0.918 seconds
Domain Reload Profiling:
	ReloadAssembly (918ms)
		BeginReloadAssembly (143ms)
			ExecutionOrderSort (0ms)
			DisableScriptedObjects (6ms)
			BackupInstance (0ms)
			ReleaseScriptingObjects (0ms)
			CreateAndSetChildDomain (37ms)
		EndReloadAssembly (653ms)
			LoadAssemblies (80ms)
			RebuildTransferFunctionScriptingTraits (0ms)
			SetupTypeCache (166ms)
			ReleaseScriptCaches (1ms)
			RebuildScriptCaches (34ms)
			SetupLoadedEditorAssemblies (328ms)
				LogAssemblyErrors (0ms)
				InitializePlatformSupportModulesInManaged (13ms)
				SetLoadedEditorAssemblies (0ms)
				RefreshPlugins (0ms)
				BeforeProcessingInitializeOnLoad (49ms)
				ProcessInitializeOnLoadAttributes (227ms)
				ProcessInitializeOnLoadMethodAttributes (24ms)
				AfterProcessingInitializeOnLoad (13ms)
				EditorAssembliesLoaded (0ms)
			ExecutionOrderSort2 (0ms)
			AwakeInstancesAfterBackupRestoration (9ms)
Platform modules already initialized, skipping
Refreshing native plugins compatible for Editor in 1.99 ms, found 2 plugins.
Preloading 0 native plugins for Editor in 0.00 ms.
Unloading 1336 Unused Serialized files (Serialized files now loaded: 0)
Unloading 9 unused Assets / (24.6 KB). Loaded Objects now: 1858.
Memory consumption went from 66.6 MB to 66.6 MB.
Total: 4.480200 ms (FindLiveObjects: 0.127700 ms CreateObjectMapping: 0.033100 ms MarkObjects: 4.279100 ms  DeleteObjects: 0.038300 ms)

AssetImportParameters requested are different than current active one (requested -> active):
  custom:video-decoder-ogg-theora: a1e56fd34408186e4bbccfd4996cb3dc -> 
  custom:container-muxer-webm: aa71ff27fc2769a1b78a27578f13a17b -> 
  custom:container-demuxer-webm: 4f35f7cbe854078d1ac9338744f61a02 -> 
  custom:video-encoder-webm-vp8: eb34c28f22e8b96e1ab97ce403110664 -> 
  custom:video-codec-MediaFoundation-h265: 746d11721c4dcdbdad8f713fa42b33f4 -> 
  custom:audio-encoder-webm-vorbis: bf7c407c2cedff20999df2af8eb42d56 -> 
  custom:framework-win-MediaFoundation: 216162199b28c13a410421893ffa2e32 -> 
  custom:container-demuxer-ogg: 62fdf1f143b41e24485cea50d1cbac27 -> 
  custom:video-decoder-webm-vp8: 9c59270c3fd7afecdb556c50c9e8de78 -> 
  custom:audio-decoder-ogg-vorbis: bf7c407c2cedff20999df2af8eb42d56 -> 
========================================================================
Received Import Request.
  Time since last request: 300.617501 seconds.
  path: Assets/Garbage Truck/Materials/Dust.mat
  artifactKey: Guid(0f1e2c2aedaf84ddabe92dfad04eb7d4) Importer(815301076,1909f56bfc062723c751e8b465ee728b)
Start importing Assets/Garbage Truck/Materials/Dust.mat using Guid(0f1e2c2aedaf84ddabe92dfad04eb7d4) Importer(815301076,1909f56bfc062723c751e8b465ee728b)  -> (artifact id: '4ddfecf8643cf59ba7f5e5573549a5d9') in 1.720389 seconds 
